Start precompute the Blue cells (neutral bytes for forward) in state k4 and #SB4.
Finish with complexity 2^32
Precompute neutral bytes for forward  takes 12.5442 (mins)

Start precompute the Red cells (neutral bytes for Backward) in state #MC5.
Finish with complexity 2^24
Precompute neutral bytes for backward takes 0.0595 (mins)

Find match on 40 bits.
Complexity (Total Forward ) is 2^31.4109
Complexity (Total Backward) is 2^31.3803
Complexity (After matched through MixColumns) is 2^31.4109
Complexity (Total) is 2^32.4033
Find match on 40 bits takes 71.9793 (mins)

==== Backward computation ====
#SB4 = 
1a  e5  be  c0  
86  34  c0  4f  
fe  d7  3e  b0  
e8  05  5e  1e  

k3 = 
c1  a1  e0  41  
e0  95  3b  7e  
e0  f8  e5  3f  
3b  59  e0  21  

#AK3 = 
db  44  5e  81  
66  a1  fb  31  
1e  2f  db  8f  
d3  5c  be  3f  

#MC3 = 
5e  68  b7  c2  
a9  35  2e  6e  
7b  34  a9  cc  
fc  ff  f0  60  

k2 = 
a7  60  41  a1  
b7  75  ae  45  
98  18  1d  da  
09  62  b9  c1  

#MC2 = 
82  4c  98  2d  
1a  2e  f4  c6  
aa  da  a5  1f  
a1  a7  e8  1d  

invMixColumns(#SB2) = 
ad  fa  8f  85  
c8  a7  f7  df  
79  56  2e  88  
6a  16  cb  19  

==== Forward computation ====
#SB4 = 
1a  e5  be  c0  
86  34  c0  4f  
fe  d7  3e  b0  
e8  05  5e  1e  

k4 = 
22  83  63  22  
95  00  3b  45  
1d  e5  00  3f  
b8  e1  01  20  

#SB5 = 
95  83  63  d7  
b8  1f  3b  3d  
4e  e5  fa  35  
0b  e1  01  0f  

k5 = 
6c  ef  8c  ae  
e0  e0  db  9e  
aa  4f  4f  70  
2b  ca  cb  eb  

#SB6 = 
38  ac  df  a3  
50  59  e7  44  
80  0b  de  3f  
54  c7  3e  b4  

k6 = 
27  c8  44  ea  
b1  51  8a  14  
43  0c  43  33  
cf  05  ce  25  

#SB7 = 
ff  03  45  92  
91  4c  a8  77  
39  83  16  f1  
11  0c  36  3c  

k7 = 
5d  95  d1  3b  
72  23  a9  bd  
7c  70  33  00  
48  4d  83  a6  

#AT = 
4b  ee  bf  74  
5b  e1  5c  3c  
3b  d1  21  ec  
a3  cf  7d  a3  

Target = 
00  00  00  00  
00  00  00  00  
00  00  00  00  
00  00  00  00  

#AK_-1 = 
4b  ee  bf  74  
5b  e1  5c  3c  
3b  d1  21  ec  
a3  cf  7d  a3  

k_-1 = 
e8  c1  6b  27  
f4  e7  aa  29  
53  8a  21  47  
5c  13  33  13  

#SB0 = 
a3  2f  d4  53  
af  06  f6  15  
68  5b  00  ab  
ff  dc  4e  b0  

k0 = 
4c  8d  e6  c1  
54  b3  19  30  
2e  a4  85  c2  
90  83  b0  a3  

#SB1 = 
6d  15  5e  9d  
c2  92  aa  4b  
bf  0d  8f  55  
57  b0  63  91  

invMixColumns(k1) = 
91  15  41  09  
87  0b  63  aa  
0a  95  2d  5d  
eb  65  2b  4a  

#MC1 ⊕ invMixColumns(k1) = 
ad  4c  19  57  
c8  a7  d0  8f  
79  69  25  8a  
6a  3e  cc  b1  

